<?xml version="1.0" encoding="UTF-8"?>
<!-- Generated by org.testng.reporters.JUnitXMLReporter -->
<testsuite ignored="0" hostname="DESKTOP-HNPHN02" failures="0" tests="3" name="Default test" time="0.36" errors="0" timestamp="2025-06-15T23:53:05 IST">
  <testcase classname="com.example.tests.BaseTest" name="@BeforeClass setUp" time="0.037">
    <failure type="java.lang.Error" message="Unresolved compilation problem: 
	The method implicitWait(Duration) is undefined for the type WebDriver.Timeouts
">
      <![CDATA[java.lang.Error: Unresolved compilation problem: 
The method implicitWait(Duration) is undefined for the type WebDriver.Timeouts

at com.example.tests.BaseTest.setUp(BaseTest.java:22)
at java.base/jdk.internal.reflect.NativeMethodAccessorImpl.invoke0(Native Method)
at java.base/jdk.internal.reflect.NativeMethodAccessorImpl.invoke(NativeMethodAccessorImpl.java:77)
at java.base/jdk.internal.reflect.DelegatingMethodAccessorImpl.invoke(DelegatingMethodAccessorImpl.java:43)
at java.base/java.lang.reflect.Method.invoke(Method.java:568)
at org.testng.internal.invokers.MethodInvocationHelper.invokeMethod(MethodInvocationHelper.java:141)
at org.testng.internal.invokers.MethodInvocationHelper.invokeMethodConsideringTimeout(MethodInvocationHelper.java:71)
at org.testng.internal.invokers.ConfigInvoker.invokeConfigurationMethod(ConfigInvoker.java:400)
at org.testng.internal.invokers.ConfigInvoker.invokeConfigurations(ConfigInvoker.java:333)
at org.testng.internal.invokers.TestMethodWorker.invokeBeforeClassMethods(TestMethodWorker.java:188)
at org.testng.internal.invokers.TestMethodWorker.run(TestMethodWorker.java:128)
at java.base/java.util.ArrayList.forEach(ArrayList.java:1511)
at org.testng.TestRunner.privateRun(TestRunner.java:741)
at org.testng.TestRunner.run(TestRunner.java:616)
at org.testng.SuiteRunner.runTest(SuiteRunner.java:421)
at org.testng.SuiteRunner.runSequentially(SuiteRunner.java:413)
at org.testng.SuiteRunner.privateRun(SuiteRunner.java:373)
at org.testng.SuiteRunner.run(SuiteRunner.java:312)
at org.testng.SuiteRunnerWorker.runSuite(SuiteRunnerWorker.java:52)
at org.testng.SuiteRunnerWorker.run(SuiteRunnerWorker.java:95)
at org.testng.TestNG.runSuitesSequentially(TestNG.java:1274)
at org.testng.TestNG.runSuitesLocally(TestNG.java:1208)
at org.testng.TestNG.runSuites(TestNG.java:1112)
at org.testng.TestNG.run(TestNG.java:1079)
at org.testng.remote.AbstractRemoteTestNG.run(AbstractRemoteTestNG.java:115)
at org.testng.remote.RemoteTestNG.initAndRun(RemoteTestNG.java:293)
at org.testng.remote.RemoteTestNG.main(RemoteTestNG.java:91)
]]>
    </failure>
  </testcase> <!-- @BeforeClass setUp -->
  <testcase classname="com.example.tests.ECommerceTest" name="@BeforeMethod setUpPageObjects" time="0.0">
    <skipped/>
  </testcase> <!-- @BeforeMethod setUpPageObjects -->
  <testcase classname="com.example.tests.ECommerceTest" name="@BeforeMethod setUpPageObjects" time="0.0">
    <skipped/>
  </testcase> <!-- @BeforeMethod setUpPageObjects -->
  <testcase classname="com.example.tests.ECommerceTest" name="@BeforeMethod setUpPageObjects" time="0.0">
    <skipped/>
  </testcase> <!-- @BeforeMethod setUpPageObjects -->
  <testcase classname="com.example.tests.BaseTest" name="@AfterClass tearDown" time="0.0">
    <skipped/>
  </testcase> <!-- @AfterClass tearDown -->
  <testcase classname="com.example.tests.ECommerceTest" name="testAddProductToCart" time="0.0">
    <skipped/>
  </testcase> <!-- testAddProductToCart -->
  <testcase classname="com.example.tests.ECommerceTest" name="testSearchExistingProduct" time="0.001">
    <skipped/>
  </testcase> <!-- testSearchExistingProduct -->
  <testcase classname="com.example.tests.ECommerceTest" name="testSearchNonExistingProduct" time="0.0">
    <skipped/>
  </testcase> <!-- testSearchNonExistingProduct -->
</testsuite> <!-- Default test -->
